<databaseChangeLog
  xmlns="http://www.liquibase.org/xml/ns/dbchangelog"
  xmlns:xsi="http://www.w3.org/2001/XMLSchema-instance"
  xsi:schemaLocation="http://www.liquibase.org/xml/ns/dbchangelog http://www.liquibase.org/xml/ns/dbchangelog/dbchangelog-2.0.xsd">
  
  <changeSet id="2" author="marko"> 
    <addColumn tableName="location">
            <column name="occurrenceID" type="varchar(256)"/>   
    </addColumn>
    <addColumn tableName="location">
            <column name="continent" type="varchar(256)"/>   
    </addColumn>
    <addColumn tableName="location">
            <column name="county" type="varchar(256)"/>   
    </addColumn>
    <addColumn tableName="location">
            <column name="stateProvince" type="varchar(256)"/>   
    </addColumn>
    <addColumn tableName="location">
            <column name="decimalLatitude" type="varchar(256)"/>   
    </addColumn>
    <addColumn tableName="location">
            <column name="decimalLongitude" type="varchar(256)"/>   
    </addColumn>
    <addColumn tableName="location">
            <column name="year" type="int(11)"/>   
    </addColumn>
    <addColumn tableName="location">
            <column name="month" type="int(11)"/>   
    </addColumn>
    <addColumn tableName="location">
            <column name="day" type="int(11)"/>   
    </addColumn>
     
  </changeSet>
</databaseChangeLog>